[rosters] Starting roster build for all MHL teams...
[rosters/amherst-ramblers] Fetching roster for Amherst-Ramblers...
[rosters] Fetching from API: team_id=1
[rosters] Fetching stats from API: team_id=1
[rosters/amherst-ramblers] Processing 30 players (downloading headshots)
[rosters] Downloaded: 4-christian-white.jpg
[rosters] Downloaded: 7-ty-peddigrew.jpg
[rosters] Downloaded: 9-tyler-moroz.jpg
[rosters] Downloaded: 11-anthony-gaudet.jpg
[rosters] Downloaded: 12-aidan-silvaggio.jpg
[rosters] Downloaded: 13-elliot-wright.jpg
[rosters] Downloaded: 15-evan-nicholson.jpg
[rosters] Downloaded: 16-jack-o-blenis.jpg
[rosters] Downloaded: 17-patrick-lambe.jpg
[rosters] Downloaded: 18-darien-reynolds.jpg
[rosters] Downloaded: 19-zach-wheeler.jpg
[rosters] Downloaded: 21-thomas-gagnon.jpg
[rosters] Downloaded: 22-bailey-shortall.jpg
[rosters] Downloaded: 24-anthony-morin.jpg
[rosters] Downloaded: 25-owen-aura.jpg
[rosters] Downloaded: 27-mark-corbett.jpg
[rosters] Downloaded: 29-brandon-lavoie.jpg
[rosters] Downloaded: 30-hudson-bradley.jpg
[rosters] Downloaded: 37-cooper-cormier.jpg
[rosters] Downloaded: 39-cole-echlin.jpg
[rosters] Downloaded: 77-jeremie-richard.jpg
[rosters] Downloaded: 82-owen-dyke.jpg
[rosters] Downloaded: 91-luke-jardine.jpg
[rosters] Downloaded: 99-chandler-bell.jpg
[rosters] Skipping placeholder image
[rosters] Downloaded: 99-ethan-fraser.jpg
[rosters] Skipping placeholder image
[rosters] Skipping placeholder image
[rosters] Downloaded: 99-jack-white.jpg
[rosters/amherst-ramblers] Wrote rosters/amherst-ramblers.json (30 players)
[rosters/edmundston-blizzard] Fetching roster for Edmundston-Blizzard...
[rosters] Fetching from API: team_id=2
[rosters] Fetching stats from API: team_id=2
[rosters/edmundston-blizzard] Processing 25 players (downloading headshots)
[rosters] Downloaded: 1-rylan-benner.jpg
[rosters] Downloaded: 7-will-carroll.jpg
[rosters] Downloaded: 8-samuel-cloutier.jpg
[rosters] Downloaded: 9-darien-thomson.jpg
[rosters] Downloaded: 10-nicolas-dub.jpg
[rosters] Downloaded: 11-alex-thibault.jpg
[rosters] Downloaded: 12-justin-bouchard-trottier.jpg
[rosters] Downloaded: 14-nathan-crane.jpg
[rosters] Downloaded: 16-noah-breau.jpg
[rosters] Downloaded: 17-zachary-robichaud.jpg
[rosters] Downloaded: 18-alexis-ch-nard.jpg
[rosters] Downloaded: 19-neka-jean.jpg
[rosters] Downloaded: 20-eliott-guenette.jpg
[rosters] Downloaded: 22-benjamin-damphousse.jpg
[rosters] Downloaded: 24-mathieu-boucher.jpg
[rosters] Downloaded: 27-fran-ois-xavier-mercier.jpg
[rosters] Downloaded: 28-charles-ric-tremblay.jpg
[rosters] Downloaded: 31-cedric-mass.jpg
[rosters] Downloaded: 55-jake-macdonald.jpg
[rosters] Downloaded: 77-lucas-fortin.jpg
[rosters] Downloaded: 79-william-labranche.jpg
[rosters] Downloaded: 81-mile-fournier.jpg
[rosters] Downloaded: 93-maddox-thisdelle.jpg
[rosters] Downloaded: 99-brayden-waterhouse.jpg
[rosters/edmundston-blizzard] Wrote rosters/edmundston-blizzard.json (25 players)
[rosters/truro-bearcats] Fetching roster for Truro-Bearcats...
[rosters] Fetching from API: team_id=3
[rosters] Fetching stats from API: team_id=3
[rosters/truro-bearcats] Processing 31 players
[rosters/truro-bearcats] Wrote rosters/truro-bearcats.json (31 players)
[rosters/valley-wildcats] Fetching roster for Valley-Wildcats...
[rosters] Fetching from API: team_id=4
[rosters] Fetching stats from API: team_id=4
[rosters/valley-wildcats] Processing 24 players (downloading headshots)
[rosters] Downloaded: 5-ben-manos.jpg
[rosters] Skipping placeholder image
[rosters] Downloaded: 7-keegan-o-neill.jpg
[rosters] Downloaded: 8-louis-carl-tremblay.jpg
[rosters] Downloaded: 9-felix-belanger.jpg
[rosters] Downloaded: 10-jude-campbell.jpg
[rosters] Skipping placeholder image
[rosters] Downloaded: 12-luke-scheck.jpg
[rosters] Downloaded: 14-caleb-macdonald.jpg
[rosters] Downloaded: 15-arnaud-lucier.jpg
[rosters] Downloaded: 17-brady-burke.jpg
[rosters] Skipping placeholder image
[rosters] Downloaded: 20-drew-lutz.jpg
[rosters] Downloaded: 21-dylan-maclean.jpg
[rosters] Downloaded: 22-aidan-bent.jpg
[rosters] Downloaded: 23-josh-vincent.jpg
[rosters] Downloaded: 25-jack-flanagan.jpg
[rosters] Downloaded: 26-ryan-fletcher.jpg
[rosters] Downloaded: 27-jacob-denomme.jpg
[rosters] Downloaded: 28-andrew-thompson.jpg
[rosters] Downloaded: 29-cohen-stoddard.jpg
[rosters] Downloaded: 32-brody-ford.jpg
[rosters] Downloaded: 70-sean-hogan.jpg
[rosters/valley-wildcats] Wrote rosters/valley-wildcats.json (24 players)
[rosters/yarmouth-mariners] Fetching roster for Yarmouth-Mariners...
[rosters] Fetching from API: team_id=5
[rosters] Fetching stats from API: team_id=5
[rosters/yarmouth-mariners] Processing 25 players
[rosters/yarmouth-mariners] Wrote rosters/yarmouth-mariners.json (25 players)
[rosters/west-kent-steamers] Fetching roster for West-Kent-Steamers...
[rosters] Fetching from API: team_id=6
[rosters] Fetching stats from API: team_id=6
[rosters/west-kent-steamers] Processing 28 players
[rosters/west-kent-steamers] Wrote rosters/west-kent-steamers.json (28 players)
[rosters/pictou-county-crushers] Fetching roster for Pictou-County-Crushers...
[rosters] Fetching from API: team_id=7
[rosters] Fetching stats from API: team_id=7
[rosters/pictou-county-crushers] Processing 31 players
[rosters/pictou-county-crushers] Wrote rosters/pictou-county-crushers.json (31 players)
[rosters/campbellton-tigers] Fetching roster for Campbellton-Tigers...
[rosters] Fetching from API: team_id=8
[rosters] Fetching stats from API: team_id=8
[rosters/campbellton-tigers] Processing 26 players (downloading headshots)
[rosters] Downloaded: 1-samuel-quimper.jpg
[rosters] Downloaded: 7-alex-lavoie.jpg
[rosters] Downloaded: 8-adam-v-ronneau.jpg
[rosters] Downloaded: 11-nathan-lebrasseur.jpg
[rosters] Downloaded: 12-samuel-deveau.jpg
[rosters] Downloaded: 14-liam-duquette.jpg
[rosters] Downloaded: 16-lucas-bremshey.jpg
[rosters] Downloaded: 17-nathan-rhodes.jpg
[rosters] Downloaded: 18-edouard-dion.jpg
[rosters] Downloaded: 19-samuel-ouellet.jpg
[rosters] Downloaded: 20-eliot-arseneault.jpg
[rosters] Downloaded: 21-alexi-parent.jpg
[rosters] Downloaded: 22-thierry-demers.jpg
[rosters] Downloaded: 23-brett-woodard.jpg
[rosters] Downloaded: 26-sawyer-harvey.jpg
[rosters] Downloaded: 27-marco-leblanc.jpg
[rosters] Downloaded: 31-niko-boudreau.jpg
[rosters] Downloaded: 39-logan-mallaley.jpg
[rosters] Downloaded: 45-jacob-singer.jpg
[rosters] Downloaded: 48-carter-morrison.jpg
[rosters] Downloaded: 55-luke-orr.jpg
[rosters] Downloaded: 84-nash-coffin.jpg
[rosters] Downloaded: 98-sam-hope.jpg
[rosters] Skipping placeholder image
[rosters] Skipping placeholder image
[rosters/campbellton-tigers] Wrote rosters/campbellton-tigers.json (26 players)
[rosters/miramichi-timberwolves] Fetching roster for Miramichi-Timberwolves...
[rosters] Fetching from API: team_id=9
[rosters] Fetching stats from API: team_id=9
[rosters/miramichi-timberwolves] Processing 25 players
[rosters/miramichi-timberwolves] Wrote rosters/miramichi-timberwolves.json (25 players)
[rosters/summerside-capitals] Fetching roster for Summerside-Capitals...
[rosters] Fetching from API: team_id=10
[rosters] Fetching stats from API: team_id=10
[rosters/summerside-capitals] Processing 25 players
[rosters/summerside-capitals] Wrote rosters/summerside-capitals.json (25 players)
[rosters/grand-falls-rapids] Fetching roster for Grand-Falls-Rapids...
[rosters] Fetching from API: team_id=12
[rosters] Fetching stats from API: team_id=12
[rosters/grand-falls-rapids] Processing 24 players (downloading headshots)
[rosters] Downloaded: 4-loic-gallant.jpg
[rosters] Downloaded: 5-anton-topilnyckyj.jpg
[rosters] Downloaded: 6-nathan-dubreuil.jpg
[rosters] Downloaded: 7-patrick-baxter.jpg
[rosters] Downloaded: 8-carter-bellamy.jpg
[rosters] Downloaded: 9-luc-marnell.jpg
[rosters] Downloaded: 10-tristan-richard.jpg
[rosters] Downloaded: 16-oliver-plante.jpg
[rosters] Downloaded: 17-isaac-allard.jpg
[rosters] Downloaded: 18-dereck-asselin.jpg
[rosters] Downloaded: 19-zackarie-michaud.jpg
[rosters] Downloaded: 21-jonah-leard.jpg
[rosters] Downloaded: 27-mathis-cyr.jpg
[rosters] Downloaded: 28-reid-calder.jpg
[rosters] Downloaded: 30-jeremy-thibodeau-soucy.jpg
[rosters] Downloaded: 35-adam-lecours.jpg
[rosters] Downloaded: 40-brody-pare.jpg
[rosters] Downloaded: 44-julien-avignon-bourque.jpg
[rosters] Downloaded: 66-declan-kennedy.jpg
[rosters] Downloaded: 77-nathan-plamondon-michaud.jpg
[rosters] Downloaded: 81-jack-brown.jpg
[rosters] Downloaded: 88-brayden-campbell.jpg
[rosters] Downloaded: 91-loic-francoeur.jpg
[rosters/grand-falls-rapids] Wrote rosters/grand-falls-rapids.json (24 players)
[rosters/chaleur-lightning] Fetching roster for Chaleur-Lightning...
[rosters] Fetching from API: team_id=21
[rosters] Fetching stats from API: team_id=21
[rosters/chaleur-lightning] Processing 32 players (downloading headshots)
[rosters] Downloaded: 2-jack-hayne.jpg
[rosters] Downloaded: 4-jameson-george.jpg
[rosters] Downloaded: 7-michael-pilgrim.jpg
[rosters] Downloaded: 9-tyson-snow.jpg
[rosters] Downloaded: 10-carter-bromley.jpg
[rosters] Downloaded: 12-malcolm-macdonald.jpg
[rosters] Downloaded: 13-zachary-rushton.jpg
[rosters] Downloaded: 15-brett-yuzik.jpg
[rosters] Downloaded: 16-will-clark.jpg
[rosters] Downloaded: 19-cohen-mccallum.jpg
[rosters] Downloaded: 20-isaac-arsenault.jpg
[rosters] Downloaded: 22-nic-macisaac.jpg
[rosters] Skipping placeholder image
[rosters] Downloaded: 32-nolan-fowler.jpg
[rosters] Downloaded: 33-will-morgan.jpg
[rosters] Downloaded: 34-samuel-carreiras-pata.jpg
[rosters] Downloaded: 55-josh-plourde.jpg
[rosters] Downloaded: 66-ben-cross.jpg
[rosters] Downloaded: 77-mason-cook.jpg
[rosters] Downloaded: 88-jean-christophe-gemme.jpg
[rosters] Downloaded: 90-william-cossette.jpg
[rosters] Downloaded: 91-david-lebel.jpg
[rosters] Downloaded: 92-jayden-burtt-munn.jpg
[rosters] Downloaded: 120-isaak-berube.jpg
[rosters] Downloaded: 120-louis-simon-boucher.jpg
[rosters] Skipping placeholder image
[rosters] Downloaded: 120-jesse-dunlap.jpg
[rosters] Downloaded: 120-dax-fraser.jpg
[rosters] Downloaded: 120-felix-sylvain-hache.jpg
[rosters] Downloaded: 120-carter-mcillwraith.jpg
[rosters] Downloaded: 120-isaiah-rogerson.jpg
[rosters/chaleur-lightning] Wrote rosters/chaleur-lightning.json (32 players)
[rosters] Wrote rosters/index.json with 12 team(s)
[rosters] Complete! Teams=12
[games] Starting Ramblers games build...
[games] Loaded roster with 24 players
[games] Fetching Ramblers schedule...
[games] Processing 21 completed games...
[games] Fetched summary for game 4612 (7 goals, 0 penalties)
[games] Fetched summary for game 4619 (12 goals, 0 penalties)
[games] Fetched summary for game 4624 (7 goals, 0 penalties)
[games] Fetched summary for game 4632 (10 goals, 0 penalties)
[games] Fetched summary for game 4641 (7 goals, 0 penalties)
[games] Fetched summary for game 4647 (10 goals, 0 penalties)
[games] Fetched summary for game 4650 (3 goals, 0 penalties)
[games] Fetched summary for game 4655 (9 goals, 0 penalties)
[games] Fetched summary for game 4659 (9 goals, 0 penalties)
[games] Fetched summary for game 4667 (6 goals, 0 penalties)
[games] Fetched summary for game 4675 (4 goals, 0 penalties)
[games] Fetched summary for game 4677 (8 goals, 0 penalties)
[games] Fetched summary for game 4681 (5 goals, 0 penalties)
[games] Fetched summary for game 4691 (7 goals, 0 penalties)
[games] Fetched summary for game 4699 (6 goals, 0 penalties)
[games] Fetched summary for game 4704 (7 goals, 0 penalties)
[games] Fetched summary for game 4713 (7 goals, 0 penalties)
[games] Fetched summary for game 4718 (3 goals, 0 penalties)
[games] Fetched summary for game 4725 (14 goals, 0 penalties)
[games] Fetched summary for game 4728 (6 goals, 0 penalties)
[games] Fetched summary for game 4731 (5 goals, 0 penalties)
[games] Wrote games/amherst-ramblers.json (21 completed games)
[games] Complete! Games=21
[standings/MHL] table rows found
[standings/MHL] tables=1 chosen=1306x378 rows=12
[standings/MHL] example={"col":"1","eastlink south eastlink south":"Summerside Western Capitals","south south":"SWC","gp":20,"w":13,"l":3,"otl":3,"sol":1,"pts":30,"pct pct":"0.750","rw":11,"otw":2,"sow":0,"gf":100,"ga":70,"diff":30,"pim pim":"564","streak":"3-0-0-0","p10":"6-3-1-0","team":"Summerside Western Capitals","slug":"summerside-western-capitals"}
[standings/BSHL] table rows=7
[standings/BSHL] example={"team":"Bouctouche JCs","gp":9,"w":6,"l":2,"otl":1,"sol":0,"pts":13,"gf":44,"ga":27,"diff":17,"slug":null}
[standings] mhlRows=12  bshlRows=7
[schedules/ICS] parsed=52
[schedules/BSHL] parsed=43
[schedules] events=95  ramblers=52  ducks=43
[CCMHA] Fetching games for next 7 days
[CCMHA] API returned 200 total schedule items
[CCMHA] Found 3 games at Amherst Stadium
[ccmha] games=3
